[debug] [2017-07-25T08:14:19.091Z] ----------------------------------------------------------------------
[debug] [2017-07-25T08:14:19.091Z] Command:      C:\Program Files\nodejs\node.exe C:\Users\Waqas\AppData\Roaming\npm\node_modules\firebase-tools\bin\firebase deploy
[debug] [2017-07-25T08:14:19.091Z] CLI Version:  3.9.1
[debug] [2017-07-25T08:14:19.091Z] Platform:     win32
[debug] [2017-07-25T08:14:19.091Z] Node Version: v6.11.1
[debug] [2017-07-25T08:14:19.091Z] Time:         Tue Jul 25 2017 13:14:19 GMT+0500 (Pakistan Standard Time)
[debug] [2017-07-25T08:14:19.091Z] ----------------------------------------------------------------------
[debug] 
[debug] [2017-07-25T08:14:19.107Z] > command requires scopes: ["email","openid","https://www.googleapis.com/auth/cloudplatformprojects.readonly","https://www.googleapis.com/auth/firebase","https://www.googleapis.com/auth/cloud-platform"]
[debug] [2017-07-25T08:14:19.123Z] > authorizing via signed-in user
[debug] [2017-07-25T08:14:19.123Z] > refreshing access token with scopes: ["email","https://www.googleapis.com/auth/cloud-platform","https://www.googleapis.com/auth/cloudplatformprojects.readonly","https://www.googleapis.com/auth/firebase","openid"]
[debug] [2017-07-25T08:14:19.123Z] >>> HTTP REQUEST POST https://www.googleapis.com/oauth2/v3/token { refresh_token: '1/q8YMsg4bcmAAU0Q4TnEYj3tiI3sV7BKy-SnWBnCMM7QS-RiFaZIC_tNFaYiMJWW9',
  client_id: '563584335869-fgrhgmd47bqnekij5i8b5pr03ho849e6.apps.googleusercontent.com',
  client_secret: 'j9iVZfS8kkCEFUPaAeJV0sAi',
  grant_type: 'refresh_token',
  scope: 'email https://www.googleapis.com/auth/cloud-platform https://www.googleapis.com/auth/cloudplatformprojects.readonly https://www.googleapis.com/auth/firebase openid' } 
 Tue Jul 25 2017 13:14:19 GMT+0500 (Pakistan Standard Time)
[debug] [2017-07-25T08:14:20.329Z] <<< HTTP RESPONSE 200
[debug] [2017-07-25T08:14:20.385Z] >>> HTTP REQUEST GET https://admin.firebase.com/v1/projects/simple-quiz-app-ff432  
 Tue Jul 25 2017 13:14:20 GMT+0500 (Pakistan Standard Time)
[debug] [2017-07-25T08:14:22.475Z] <<< HTTP RESPONSE 200
[debug] [2017-07-25T08:14:22.476Z] >>> HTTP REQUEST GET https://admin.firebase.com/v1/database/simple-quiz-app-ff432/tokens  
 Tue Jul 25 2017 13:14:22 GMT+0500 (Pakistan Standard Time)
[debug] [2017-07-25T08:14:24.154Z] <<< HTTP RESPONSE 200
[info] 
[info] === Deploying to 'simple-quiz-app-ff432'...
[info] 
[info] i  deploying hosting
[info] i  hosting: preparing public directory for upload...
[debug] [2017-07-25T08:14:29.088Z] >>> HTTP REQUEST PUT https://deploy.firebase.com/v1/hosting/simple-quiz-app-ff432/uploads/-KpsnuqeCF3Stqwknjgc?fileCount=5&message=  
 Tue Jul 25 2017 13:14:29 GMT+0500 (Pakistan Standard Time)
[debug] [2017-07-25T08:14:38.214Z] <<< HTTP RESPONSE 200
[debug] [2017-07-25T08:14:38.215Z] [hosting] .tgz uploaded successfully, waiting for extraction
[info] +  hosting: 5 files uploaded successfully
[info] i  starting release process (may take several minutes)...
[debug] [2017-07-25T08:14:49.981Z] >>> HTTP REQUEST POST https://deploy.firebase.com/v1/projects/simple-quiz-app-ff432/releases { hosting: 
   { public: 'public',
     version: '-KpsnuqeCF3Stqwknjgc',
     prefix: '-KpsnuqeCF3Stqwknjgc/',
     manifest: [] } } 
 Tue Jul 25 2017 13:14:49 GMT+0500 (Pakistan Standard Time)
[debug] [2017-07-25T08:14:54.599Z] <<< HTTP RESPONSE 200
[info] 
[info] +  Deploy complete!
[info] 
[info] Project Console: https://console.firebase.google.com/project/simple-quiz-app-ff432/overview
[info] Hosting URL: https://simple-quiz-app-ff432.firebaseapp.com
